{"D:\\Semestre VII\\Pruebas de Software\\Parcial I\\Laboratorios\\Lab 2\\codigo\\src\\app.js": {"path":"D:\\Semestre VII\\Pruebas de Software\\Parcial I\\Laboratorios\\Lab 2\\codigo\\src\\app.js","statementMap":{"0":{"start":{"line":1,"column":16},"end":{"line":1,"column":34}},"1":{"start":{"line":2,"column":19},"end":{"line":2,"column":50}},"2":{"start":{"line":4,"column":12},"end":{"line":4,"column":21}},"3":{"start":{"line":7,"column":0},"end":{"line":7,"column":24}},"4":{"start":{"line":10,"column":0},"end":{"line":10,"column":34}},"5":{"start":{"line":13,"column":0},"end":{"line":15,"column":3}},"6":{"start":{"line":14,"column":2},"end":{"line":14,"column":55}},"7":{"start":{"line":18,"column":0},"end":{"line":18,"column":21}}},"fnMap":{"0":{"name":"(anonymous_0)","decl":{"start":{"line":13,"column":8},"end":{"line":13,"column":9}},"loc":{"start":{"line":13,"column":22},"end":{"line":15,"column":1}},"line":13}},"branchMap":{},"s":{"0":1,"1":1,"2":1,"3":1,"4":1,"5":1,"6":1,"7":1},"f":{"0":1},"b":{},"_coverageSchema":"1a1c01bbd47fc00a2c39e90264f33305004495a9","hash":"b35c2c52f469d06b9915a737cda7e7d5775f0825"}
,"D:\\Semestre VII\\Pruebas de Software\\Parcial I\\Laboratorios\\Lab 2\\codigo\\src\\controllers\\user.controller.js": {"path":"D:\\Semestre VII\\Pruebas de Software\\Parcial I\\Laboratorios\\Lab 2\\codigo\\src\\controllers\\user.controller.js","statementMap":{"0":{"start":{"line":2,"column":12},"end":{"line":2,"column":14}},"1":{"start":{"line":8,"column":2},"end":{"line":8,"column":18}},"2":{"start":{"line":15,"column":17},"end":{"line":15,"column":27}},"3":{"start":{"line":16,"column":15},"end":{"line":16,"column":66}},"4":{"start":{"line":16,"column":33},"end":{"line":16,"column":65}},"5":{"start":{"line":18,"column":2},"end":{"line":20,"column":3}},"6":{"start":{"line":19,"column":4},"end":{"line":19,"column":63}},"7":{"start":{"line":22,"column":2},"end":{"line":22,"column":17}},"8":{"start":{"line":29,"column":26},"end":{"line":29,"column":34}},"9":{"start":{"line":32,"column":2},"end":{"line":34,"column":3}},"10":{"start":{"line":33,"column":4},"end":{"line":33,"column":76}},"11":{"start":{"line":37,"column":18},"end":{"line":41,"column":3}},"12":{"start":{"line":44,"column":2},"end":{"line":44,"column":22}},"13":{"start":{"line":47,"column":2},"end":{"line":47,"column":32}},"14":{"start":{"line":49,"column":0},"end":{"line":49,"column":58}}},"fnMap":{"0":{"name":"getAllUsers","decl":{"start":{"line":7,"column":9},"end":{"line":7,"column":20}},"loc":{"start":{"line":7,"column":31},"end":{"line":9,"column":1}},"line":7},"1":{"name":"getUserById","decl":{"start":{"line":14,"column":9},"end":{"line":14,"column":20}},"loc":{"start":{"line":14,"column":31},"end":{"line":23,"column":1}},"line":14},"2":{"name":"(anonymous_2)","decl":{"start":{"line":16,"column":26},"end":{"line":16,"column":27}},"loc":{"start":{"line":16,"column":33},"end":{"line":16,"column":65}},"line":16},"3":{"name":"createUser","decl":{"start":{"line":28,"column":9},"end":{"line":28,"column":19}},"loc":{"start":{"line":28,"column":30},"end":{"line":48,"column":1}},"line":28}},"branchMap":{"0":{"loc":{"start":{"line":18,"column":2},"end":{"line":20,"column":3}},"type":"if","locations":[{"start":{"line":18,"column":2},"end":{"line":20,"column":3}},{"start":{},"end":{}}],"line":18},"1":{"loc":{"start":{"line":32,"column":2},"end":{"line":34,"column":3}},"type":"if","locations":[{"start":{"line":32,"column":2},"end":{"line":34,"column":3}},{"start":{},"end":{}}],"line":32},"2":{"loc":{"start":{"line":32,"column":6},"end":{"line":32,"column":21}},"type":"binary-expr","locations":[{"start":{"line":32,"column":6},"end":{"line":32,"column":11}},{"start":{"line":32,"column":15},"end":{"line":32,"column":21}}],"line":32}},"s":{"0":1,"1":2,"2":2,"3":2,"4":3,"5":2,"6":1,"7":1,"8":3,"9":3,"10":1,"11":2,"12":2,"13":2,"14":1},"f":{"0":2,"1":2,"2":3,"3":3},"b":{"0":[1,1],"1":[1,2],"2":[3,3]},"_coverageSchema":"1a1c01bbd47fc00a2c39e90264f33305004495a9","hash":"b8cfe0685045b37562ac4e65799c1c8e9e07ae02"}
,"D:\\Semestre VII\\Pruebas de Software\\Parcial I\\Laboratorios\\Lab 2\\codigo\\src\\routes\\user.routes.js": {"path":"D:\\Semestre VII\\Pruebas de Software\\Parcial I\\Laboratorios\\Lab 2\\codigo\\src\\routes\\user.routes.js","statementMap":{"0":{"start":{"line":1,"column":16},"end":{"line":1,"column":34}},"1":{"start":{"line":2,"column":73},"end":{"line":2,"column":114}},"2":{"start":{"line":4,"column":15},"end":{"line":4,"column":31}},"3":{"start":{"line":7,"column":0},"end":{"line":7,"column":29}},"4":{"start":{"line":10,"column":0},"end":{"line":10,"column":29}},"5":{"start":{"line":13,"column":0},"end":{"line":13,"column":32}},"6":{"start":{"line":15,"column":0},"end":{"line":15,"column":24}}},"fnMap":{},"branchMap":{},"s":{"0":1,"1":1,"2":1,"3":1,"4":1,"5":1,"6":1},"f":{},"b":{},"_coverageSchema":"1a1c01bbd47fc00a2c39e90264f33305004495a9","hash":"425020b5ef0251bdd83be7f87d750aca107ef706"}
}
