TN:
SF:src\app.js
FN:13,(anonymous_0)
FNF:1
FNH:1
FNDA:1,(anonymous_0)
DA:1,1
DA:2,1
DA:4,1
DA:7,1
DA:10,1
DA:13,1
DA:14,1
DA:18,1
LF:8
LH:8
BRF:0
BRH:0
end_of_record
TN:
SF:src\controllers\user.controller.js
FN:7,getAllUsers
FN:14,getUserById
FN:16,(anonymous_2)
FN:28,createUser
FNF:4
FNH:4
FNDA:2,getAllUsers
FNDA:2,getUserById
FNDA:3,(anonymous_2)
FNDA:3,createUser
DA:2,1
DA:8,2
DA:15,2
DA:16,3
DA:18,2
DA:19,1
DA:22,1
DA:29,3
DA:32,3
DA:33,1
DA:37,2
DA:44,2
DA:47,2
DA:49,1
LF:14
LH:14
BRDA:18,0,0,1
BRDA:18,0,1,1
BRDA:32,1,0,1
BRDA:32,1,1,2
BRDA:32,2,0,3
BRDA:32,2,1,3
BRF:6
BRH:6
end_of_record
TN:
SF:src\routes\user.routes.js
FNF:0
FNH:0
DA:1,1
DA:2,1
DA:4,1
DA:7,1
DA:10,1
DA:13,1
DA:15,1
LF:7
LH:7
BRF:0
BRH:0
end_of_record
